{
  "mode": "mix_eval",
  "agent": "main.py",
  "n_per_opponent": 30,
  "prev_best_n": 100,
  "opponents": {
    "random": {
      "opponent": "random",
      "n": 30,
      "valid_games": 30,
      "wins": 28,
      "losses": 2,
      "errors": 0,
      "crash_suspects": 0,
      "winrate": 0.9333
    },
    "nearest_sniper": {
      "opponent": "docs/competition/competition-starter-main.py",
      "n": 30,
      "valid_games": 30,
      "wins": 18,
      "losses": 12,
      "errors": 0,
      "crash_suspects": 0,
      "winrate": 0.6
    },
    "prev_best": {
      "opponent": "docs/competition/legacy-388/main.py",
      "n": 100,
      "valid_games": 100,
      "wins": 51,
      "losses": 49,
      "errors": 0,
      "crash_suspects": 0,
      "winrate": 0.51
    }
  },
  "winrate_min": 0.51,
  "errors_total": 0,
  "measured_at": "2026-05-31T03:10:56Z",
  "workers": 7
}
